This is e-upTeX, Version 3.14159265-p3.7-u1.21-160201-2.6 (utf8.uptex) (TeX Live 2016) (preloaded format=uplatex 2017.4.21)  14 JUN 2017 14:22
entering extended mode
 restricted \write18 enabled.
 %&-line parsing enabled.
**readdata.tex
(./readdata.tex
pLaTeX2e <2016/11/29u01> (based on LaTeX2e <2017/01/01> patch level 3)
Babel <3.9r> and hyphenation patterns for 83 language(s) loaded.

! LaTeX Error: Environment lstlisting undefined.

See the LaTeX manual or LaTeX Companion for explanation.
Type  H <return>  for immediate help.
 ...                                              
                                                  
l.2 \begin{lstlisting}
                      [basicstyle=\ttfamily\footnotesize, frame=single]
Your command was ignored.
Type  I <command> <return>  to replace it with another command,
or  <return>  to continue without it.


! LaTeX Error: Missing \begin{document}.

See the LaTeX manual or LaTeX Companion for explanation.
Type  H <return>  for immediate help.
 ...                                              
                                                  
l.2 \begin{lstlisting}[
                       basicstyle=\ttfamily\footnotesize, frame=single]
You're in trouble here.  Try typing  <return>  to proceed.
If that doesn't work, type  X <return>  to quit.

LaTeX Font Info:    Font shape `JT2/mc/m/n' will be
(Font)              scaled to size 9.6222pt on input line 2.
LaTeX Font Info:    Font shape `JY2/mc/m/n' will be
(Font)              scaled to size 9.6222pt on input line 2.
! Undefined control sequence.
l.2 ...tlisting}[basicstyle=\ttfamily\footnotesize
                                                  , frame=single]
The control sequence at the end of the top line
of your error message was never \def'ed. If you have
misspelled it (e.g., `\hobx'), type `I' and the correct
spelling (e.g., `I\hbox'). Otherwise just continue,
and I'll forget about whatever was undefined.


Overfull \hbox (77.58339pt too wide) in paragraph at lines 2--3
[]\OT1/cmr/m/n/10 [basicstyle=\OT1/cmtt/m/n/10 ,
 []


Overfull \hbox (68.2494pt too wide) in paragraph at lines 2--3
\OT1/cmtt/m/n/10 frame=single] 
 []


! LaTeX Error: Missing \begin{document}.

See the LaTeX manual or LaTeX Companion for explanation.
Type  H <return>  for immediate help.
 ...                                              
                                                  
l.4 ^^I/
        / 画像の読み込み ファイルが存在しない場合 false...
You're in trouble here.  Try typing  <return>  to proceed.
If that doesn't work, type  X <return>  to quit.


Overfull \hbox (30.49991pt too wide) in paragraph at lines 4--29
[]\OT1/cmtt/m/n/10 //
 []


Overfull \hbox (9.6222pt too wide) in paragraph at lines 4--29
\JY2/mc/m/n/10 画
 []


Overfull \hbox (9.6222pt too wide) in paragraph at lines 4--29
\JY2/mc/m/n/10 像
 []


Overfull \hbox (9.6222pt too wide) in paragraph at lines 4--29
\JY2/mc/m/n/10 の
 []


Overfull \hbox (9.6222pt too wide) in paragraph at lines 4--29
\JY2/mc/m/n/10 読
 []


Overfull \hbox (9.6222pt too wide) in paragraph at lines 4--29
\JY2/mc/m/n/10 み
 []


Overfull \hbox (9.6222pt too wide) in paragraph at lines 4--29
\JY2/mc/m/n/10 込
 []


Overfull \hbox (9.6222pt too wide) in paragraph at lines 4--29
\JY2/mc/m/n/10 み
 []


Overfull \hbox (9.6222pt too wide) in paragraph at lines 4--29
\JY2/mc/m/n/10 フ
 []


Overfull \hbox (9.6222pt too wide) in paragraph at lines 4--29
\JY2/mc/m/n/10 ァ
 []


Overfull \hbox (9.6222pt too wide) in paragraph at lines 4--29
\JY2/mc/m/n/10 イ
 []


Overfull \hbox (9.6222pt too wide) in paragraph at lines 4--29
\JY2/mc/m/n/10 ル
 []


Overfull \hbox (9.6222pt too wide) in paragraph at lines 4--29
\JY2/mc/m/n/10 が
 []


Overfull \hbox (9.6222pt too wide) in paragraph at lines 4--29
\JY2/mc/m/n/10 存
 []


Overfull \hbox (9.6222pt too wide) in paragraph at lines 4--29
\JY2/mc/m/n/10 在
 []


Overfull \hbox (9.6222pt too wide) in paragraph at lines 4--29
\JY2/mc/m/n/10 し
 []


Overfull \hbox (9.6222pt too wide) in paragraph at lines 4--29
\JY2/mc/m/n/10 な
 []


Overfull \hbox (9.6222pt too wide) in paragraph at lines 4--29
\JY2/mc/m/n/10 い
 []


Overfull \hbox (9.6222pt too wide) in paragraph at lines 4--29
\JY2/mc/m/n/10 場
 []


Overfull \hbox (9.6222pt too wide) in paragraph at lines 4--29
\JY2/mc/m/n/10 合
 []


Overfull \hbox (26.24977pt too wide) in paragraph at lines 4--29
\OT1/cmtt/m/n/10 false
 []


Overfull \hbox (9.6222pt too wide) in paragraph at lines 4--29
\JY2/mc/m/n/10 を
 []


Overfull \hbox (9.6222pt too wide) in paragraph at lines 4--29
\JY2/mc/m/n/10 返
 []


Overfull \hbox (9.6222pt too wide) in paragraph at lines 4--29
\JY2/mc/m/n/10 す
 []


Overfull \hbox (20.99982pt too wide) in paragraph at lines 4--29
\OT1/cmtt/m/n/10 bool
 []


Overfull \hbox (78.74931pt too wide) in paragraph at lines 4--29
\OT1/cmtt/m/n/10 readdata(string
 []


Overfull \hbox (47.24959pt too wide) in paragraph at lines 4--29
\OT1/cmtt/m/n/10 filename)
 []


Overfull \hbox (31.49973pt too wide) in paragraph at lines 4--29
\OT1/cmtt/m/n/10 string
 []


Overfull \hbox (20.99982pt too wide) in paragraph at lines 4--29
\OT1/cmtt/m/n/10 str;
 []


Overfull \hbox (41.99963pt too wide) in paragraph at lines 4--29
\OT1/cmtt/m/n/10 ifstream
 []


Overfull \hbox (73.49936pt too wide) in paragraph at lines 4--29
\OT1/cmtt/m/n/10 fin(filename);
 []


Overfull \hbox (36.74968pt too wide) in paragraph at lines 4--29
\OT1/cmtt/m/n/10 if(fin)
 []


Overfull \hbox (15.74986pt too wide) in paragraph at lines 4--29
\OT1/cmtt/m/n/10 fin
 []


Overfull \hbox (10.49991pt too wide) in paragraph at lines 4--29
\OT1/cmtt/m/n/10 >>
 []


Overfull \hbox (20.99982pt too wide) in paragraph at lines 4--29
\OT1/cmtt/m/n/10 str;
 []


Overfull \hbox (68.2494pt too wide) in paragraph at lines 4--29
\OT1/cmtt/m/n/10 fin.ignore();
 []


Overfull \hbox (31.49973pt too wide) in paragraph at lines 4--29
\OT1/cmtt/m/n/10 if(str
 []


Overfull \hbox (10.49991pt too wide) in paragraph at lines 4--29
\OT1/cmtt/m/n/10 !=
 []


Overfull \hbox (26.24977pt too wide) in paragraph at lines 4--29
\OT1/cmtt/m/n/10 "P2")
 []


Overfull \hbox (20.99982pt too wide) in paragraph at lines 4--29
\OT1/cmtt/m/n/10 cout
 []


Overfull \hbox (10.49991pt too wide) in paragraph at lines 4--29
\OT1/cmtt/m/n/10 <<
 []


Overfull \hbox (26.24977pt too wide) in paragraph at lines 4--29
\OT1/cmtt/m/n/10 "file
 []


Overfull \hbox (31.49973pt too wide) in paragraph at lines 4--29
\OT1/cmtt/m/n/10 format
 []


Overfull \hbox (31.49973pt too wide) in paragraph at lines 4--29
\OT1/cmtt/m/n/10 error"
 []


Overfull \hbox (10.49991pt too wide) in paragraph at lines 4--29
\OT1/cmtt/m/n/10 <<
 []


Overfull \hbox (26.24977pt too wide) in paragraph at lines 4--29
\OT1/cmtt/m/n/10 endl;
 []


Overfull \hbox (62.99945pt too wide) in paragraph at lines 4--29
\OT1/cmtt/m/n/10 getline(fin,
 []


Overfull \hbox (26.24977pt too wide) in paragraph at lines 4--29
\OT1/cmtt/m/n/10 str);
 []


Overfull \hbox (10.49991pt too wide) in paragraph at lines 4--29
\OT1/cmtt/m/n/10 //
 []


Overfull \hbox (9.6222pt too wide) in paragraph at lines 4--29
\JY2/mc/m/n/10 コ
 []


Overfull \hbox (9.6222pt too wide) in paragraph at lines 4--29
\JY2/mc/m/n/10 メ
 []


Overfull \hbox (9.6222pt too wide) in paragraph at lines 4--29
\JY2/mc/m/n/10 ン
 []


Overfull \hbox (9.6222pt too wide) in paragraph at lines 4--29
\JY2/mc/m/n/10 ト
 []


Overfull \hbox (9.6222pt too wide) in paragraph at lines 4--29
\JY2/mc/m/n/10 読
 []


Overfull \hbox (9.6222pt too wide) in paragraph at lines 4--29
\JY2/mc/m/n/10 み
 []


Overfull \hbox (9.6222pt too wide) in paragraph at lines 4--29
\JY2/mc/m/n/10 捨
 []


Overfull \hbox (9.6222pt too wide) in paragraph at lines 4--29
\JY2/mc/m/n/10 て
 []


Overfull \hbox (15.74986pt too wide) in paragraph at lines 4--29
\OT1/cmtt/m/n/10 fin
 []


Overfull \hbox (10.49991pt too wide) in paragraph at lines 4--29
\OT1/cmtt/m/n/10 >>
 []


Overfull \hbox (5.24995pt too wide) in paragraph at lines 4--29
\OT1/cmtt/m/n/10 W
 []


Overfull \hbox (10.49991pt too wide) in paragraph at lines 4--29
\OT1/cmtt/m/n/10 >>
 []


Overfull \hbox (10.49991pt too wide) in paragraph at lines 4--29
\OT1/cmtt/m/n/10 H;
 []


Overfull \hbox (78.74931pt too wide) in paragraph at lines 4--29
\OT1/cmtt/m/n/10 data.resize(H);
 []


Overfull \hbox (36.74968pt too wide) in paragraph at lines 4--29
\OT1/cmtt/m/n/10 for(int
 []


Overfull \hbox (20.99982pt too wide) in paragraph at lines 4--29
\OT1/cmtt/m/n/10 i=0;
 []


Overfull \hbox (20.99982pt too wide) in paragraph at lines 4--29
\OT1/cmtt/m/n/10 i<H;
 []


Overfull \hbox (20.99982pt too wide) in paragraph at lines 4--29
\OT1/cmtt/m/n/10 i++)
 []


Overfull \hbox (94.49918pt too wide) in paragraph at lines 4--29
\OT1/cmtt/m/n/10 data[i].resize(W);
 []


Overfull \hbox (15.74986pt too wide) in paragraph at lines 4--29
\OT1/cmtt/m/n/10 fin
 []


Overfull \hbox (10.49991pt too wide) in paragraph at lines 4--29
\OT1/cmtt/m/n/10 >>
 []


Overfull \hbox (20.99982pt too wide) in paragraph at lines 4--29
\OT1/cmtt/m/n/10 str;
 []


Overfull \hbox (26.24977pt too wide) in paragraph at lines 4--29
\OT1/cmtt/m/n/10 //255
 []


Overfull \hbox (15.74986pt too wide) in paragraph at lines 4--29
\OT1/cmtt/m/n/10 int
 []


Overfull \hbox (20.99982pt too wide) in paragraph at lines 4--29
\OT1/cmtt/m/n/10 h=0,
 []


Overfull \hbox (20.99982pt too wide) in paragraph at lines 4--29
\OT1/cmtt/m/n/10 w=0;
 []


Overfull \hbox (47.24959pt too wide) in paragraph at lines 4--29
\OT1/cmtt/m/n/10 while(fin
 []


Overfull \hbox (10.49991pt too wide) in paragraph at lines 4--29
\OT1/cmtt/m/n/10 >>
 []


Overfull \hbox (20.99982pt too wide) in paragraph at lines 4--29
\OT1/cmtt/m/n/10 str)
 []


Overfull \hbox (52.49954pt too wide) in paragraph at lines 4--29
\OT1/cmtt/m/n/10 data[h][w]
 []


Overfull \hbox (5.24995pt too wide) in paragraph at lines 4--29
\OT1/cmtt/m/n/10 =
 []


Overfull \hbox (52.49954pt too wide) in paragraph at lines 4--29
\OT1/cmtt/m/n/10 stoi(str);
 []


Overfull \hbox (5.24995pt too wide) in paragraph at lines 4--29
\OT1/cmtt/m/n/10 w
 []


Overfull \hbox (5.24995pt too wide) in paragraph at lines 4--29
\OT1/cmtt/m/n/10 =
 []


Overfull \hbox (26.24977pt too wide) in paragraph at lines 4--29
\OT1/cmtt/m/n/10 (w+1)
 []


Overfull \hbox (20.99982pt too wide) in paragraph at lines 4--29
\OT1/cmtt/m/n/10 if(w
 []


Overfull \hbox (10.49991pt too wide) in paragraph at lines 4--29
\OT1/cmtt/m/n/10 ==
 []


Overfull \hbox (10.49991pt too wide) in paragraph at lines 4--29
\OT1/cmtt/m/n/10 0)
 []


Overfull \hbox (20.99982pt too wide) in paragraph at lines 4--29
\OT1/cmtt/m/n/10 h++;
 []


Overfull \hbox (73.49936pt too wide) in paragraph at lines 4--29
\OT1/cmtt/m/n/10 makevisited();
 []


Overfull \hbox (31.49973pt too wide) in paragraph at lines 4--29
\OT1/cmtt/m/n/10 return
 []


Overfull \hbox (26.24977pt too wide) in paragraph at lines 4--29
\OT1/cmtt/m/n/10 true;
 []


Overfull \hbox (20.99982pt too wide) in paragraph at lines 4--29
\OT1/cmtt/m/n/10 else
 []


Overfull \hbox (31.49973pt too wide) in paragraph at lines 4--29
\OT1/cmtt/m/n/10 return
 []


Overfull \hbox (31.49973pt too wide) in paragraph at lines 4--29
\OT1/cmtt/m/n/10 false;
 []


! LaTeX Error: \begin{document} ended by \end{lstlisting}.

See the LaTeX manual or LaTeX Companion for explanation.
Type  H <return>  for immediate help.
 ...                                              
                                                  
l.30 ^^I \end{lstlisting}
                         
Your command was ignored.
Type  I <command> <return>  to replace it with another command,
or  <return>  to continue without it.

)
! Emergency stop.
<*> readdata.tex
                
*** (job aborted, no legal \end found)

 
Here is how much of TeX's memory you used:
 8 strings out of 493679
 90 string characters out of 6149847
 56773 words of memory out of 5000000
 3680 multiletter control sequences out of 15000+600000
 6143 words of font info for 32 fonts, out of 8000000 for 9000
 929 hyphenation exceptions out of 8191
 14i,0n,9p,98b,64s stack positions out of 5000i,500n,10000p,200000b,80000s
No pages of output.
